Not Found: /
Not Found: /favicon.ico
Forbidden (CSRF token missing.): /cfd/contactformdata/
Forbidden (CSRF token missing.): /cfd/contactformdata/
Forbidden (CSRF token missing.): /cfd/contactformdata/
Forbidden (CSRF token missing.): /cfd/contactformdata/
Forbidden (CSRF token missing.): /cfd/contactformdata/
Forbidden (CSRF token missing.): /cfd/contactformdata/
Forbidden (CSRF token missing.): /cfd/contactformdata/
Forbidden (CSRF token missing.): /cfd/contactformdata/
Forbidden (CSRF token missing.): /cfd/contactformdata/
Forbidden (CSRF token missing.): /cfd/contactformdata/
Forbidden (CSRF token missing.): /cfd/contactformdata/
Forbidden (CSRF cookie not set.): /cfd/contactformdata/
Forbidden (CSRF cookie not set.): /cfd/contactformdata
Forbidden (CSRF cookie not set.): /cfd/contactformdata
Forbidden (CSRF cookie not set.): /cfd/contactformdata/
Not Found: /
Not Found: /favicon.ico
Unauthorized: /accounts/users/
Unauthorized: /accounts/users/
Method Not Allowed: /accounts/token/login/
Forbidden (CSRF cookie not set.): /accounts/users/me
Forbidden (CSRF cookie not set.): /accounts/users/me
Forbidden (CSRF cookie not set.): /accounts/users/me
Unauthorized: /accounts/users/me/
Method Not Allowed: /accounts/users/me/
Method Not Allowed: /accounts/token/login/
Method Not Allowed: /accounts/users/me/
Forbidden (CSRF token missing.): /cfd/contactfromdata/5/
Unauthorized: /accounts/users/
Method Not Allowed: /accounts/token/login/
Method Not Allowed: /accounts/token/login/
